#
# There is insufficient memory for the Java Runtime Environment to continue.
# Native memory allocation (malloc) failed to allocate 1048576 bytes for AllocateHeap
# Possible reasons:
#   The system is out of physical RAM or swap space
#   The process is running with CompressedOops enabled, and the Java Heap may be blocking the growth of the native heap
# Possible solutions:
#   Reduce memory load on the system
#   Increase physical memory or swap space
#   Check if swap backing store is full
#   Decrease Java heap size (-Xmx/-Xms)
#   Decrease number of Java threads
#   Decrease Java thread stack sizes (-Xss)
#   Set larger code cache with -XX:ReservedCodeCacheSize=
#   JVM is running with Unscaled Compressed Oops mode in which the Java heap is
#     placed in the first 4GB address space. The Java Heap base address is the
#     maximum limit for the native heap growth. Please use -XX:HeapBaseMinAddress
#     to set the Java Heap base and to place the Java Heap above 4GB virtual address.
# This output file may be truncated or incomplete.
#
#  Out of Memory Error (allocation.cpp:44), pid=22928, tid=31312
#
# JRE version:  (17.0.10+11) (build )
# Java VM: Java HotSpot(TM) 64-Bit Server VM (17.0.10+11-LTS-240, mixed mode, sharing, tiered, compressed oops, compressed class ptrs, parallel gc, windows-amd64)
# No core dump will be written. Minidumps are not enabled by default on client versions of Windows
#

---------------  S U M M A R Y ------------

Command Line: --add-modules=ALL-SYSTEM --add-opens=java.base/java.util=ALL-UNNAMED --add-opens=java.base/java.lang=ALL-UNNAMED --add-opens=java.base/sun.nio.fs=ALL-UNNAMED -Declipse.application=org.eclipse.jdt.ls.core.id1 -Dosgi.bundles.defaultStartLevel=4 -Declipse.product=org.eclipse.jdt.ls.core.product -Djava.import.generatesMetadataFilesAtProjectRoot=false -DDetectVMInstallationsJob.disabled=true -Dfile.encoding=utf8 -XX:+UseParallelGC -XX:GCTimeRatio=4 -XX:AdaptiveSizePolicyWeight=90 -Dsun.zip.disableMemoryMapping=true -Xmx1G -Xms100m -Xlog:disable -javaagent:c:\Users\ramon\.vscode\extensions\redhat.java-1.30.0\lombok\lombok-1.18.32.jar -XX:+HeapDumpOnOutOfMemoryError -XX:HeapDumpPath=c:\Users\ramon\AppData\Roaming\Code\User\workspaceStorage\bc5a9c895754f250162efedb4d80cfb3\redhat.java -Daether.dependencyCollector.impl=bf c:\Users\ramon\.vscode\extensions\redhat.java-1.30.0\server\plugins\org.eclipse.equinox.launcher_1.6.800.v20240330-1250.jar -configuration c:\Users\ramon\AppData\Roaming\Code\User\globalStorage\redhat.java\1.30.0\config_win -data c:\Users\ramon\AppData\Roaming\Code\User\workspaceStorage\bc5a9c895754f250162efedb4d80cfb3\redhat.java\jdt_ws --pipe=\\.\pipe\lsp-d01f615c0a90afa691516a8b2e59a48c-sock

Host: Intel(R) Core(TM) i7-8565U CPU @ 1.80GHz, 8 cores, 15G,  Windows 11 , 64 bit Build 22621 (10.0.22621.3672)
Time: Mon Jul  8 10:18:36 2024 Hora Padrão de Caracas elapsed time: 0.119213 seconds (0d 0h 0m 0s)

---------------  T H R E A D  ---------------

Current thread (0x000002b6edc36850):  JavaThread "Unknown thread" [_thread_in_vm, id=31312, stack(0x000000bcad600000,0x000000bcad700000)]

Stack: [0x000000bcad600000,0x000000bcad700000]
Native frames: (J=compiled Java code, j=interpreted, Vv=VM code, C=native code)
V  [jvm.dll+0x677a5a]
V  [jvm.dll+0x7d8b2d]
V  [jvm.dll+0x7da48e]
V  [jvm.dll+0x7daaf3]
V  [jvm.dll+0x2455ff]
V  [jvm.dll+0xa5173]
V  [jvm.dll+0x6aa8d6]
V  [jvm.dll+0x6ab5ce]
V  [jvm.dll+0x684383]
V  [jvm.dll+0x7aac63]
V  [jvm.dll+0x367994]
V  [jvm.dll+0x789639]
V  [jvm.dll+0x3eb30f]
V  [jvm.dll+0x3ecd91]
C  [jli.dll+0x5297]
C  [ucrtbase.dll+0x29333]
C  [KERNEL32.DLL+0x1257d]
C  [ntdll.dll+0x5af28]


---------------  P R O C E S S  ---------------

Threads class SMR info:
_java_thread_list=0x00007fff5ee06a18, length=0, elements={
}

Java Threads: ( => current thread )

Other Threads:
  0x000002b6edc4bfd0 GCTaskThread "GC Thread#0" [stack: 0x000000bcad700000,0x000000bcad800000] [id=17416]

=>0x000002b6edc36850 (exited) JavaThread "Unknown thread" [_thread_in_vm, id=31312, stack(0x000000bcad600000,0x000000bcad700000)]

Threads with active compile tasks:

VM state: not at safepoint (normal execution)

VM Mutex/Monitor currently owned by a thread: None

Heap address: 0x00000000c0000000, size: 1024 MB, Compressed Oops mode: 32-bit

CDS archive(s) mapped at: [0x000002b68f000000-0x000002b68fbd0000-0x000002b68fbd0000), size 12386304, SharedBaseAddress: 0x000002b68f000000, ArchiveRelocationMode: 1.
Compressed class space mapped at: 0x000002b690000000-0x000002b6d0000000, reserved size: 1073741824
Narrow klass base: 0x000002b68f000000, Narrow klass shift: 0, Narrow klass range: 0x100000000

GC Precious Log:
 CPUs: 8 total, 8 available
 Memory: 16189M
 Large Page Support: Disabled
 NUMA Support: Disabled
 Compressed Oops: Enabled (32-bit)
 Alignments: Space 512K, Generation 512K, Heap 2M
 Heap Min Capacity: 100M
 Heap Initial Capacity: 100M
 Heap Max Capacity: 1G
 Pre-touch: Disabled
 Parallel Workers: 8

Heap:
 PSYoungGen      total 29696K, used 512K [0x00000000eab00000, 0x00000000ecc00000, 0x0000000100000000)
  eden space 25600K, 2% used [0x00000000eab00000,0x00000000eab80020,0x00000000ec400000)
  from space 4096K, 0% used [0x00000000ec800000,0x00000000ec800000,0x00000000ecc00000)
  to   space 4096K, 0% used [0x00000000ec400000,0x00000000ec400000,0x00000000ec800000)
 ParOldGen       total 68608K, used 0K [0x00000000c0000000, 0x00000000c4300000, 0x00000000eab00000)
  object space 68608K, 0% used [0x00000000c0000000,0x00000000c0000000,0x00000000c4300000)
 Metaspace       used 0K, committed 0K, reserved 1048576K
  class space    used 0K, committed 0K, reserved 1048576K

Card table byte_map: [0x000002b6ed5e0000,0x000002b6ed7f0000] _byte_map_base: 0x000002b6ecfe0000

Marking Bits: (ParMarkBitMap*) 0x00007fff5ee71be0
 Begin Bits: [0x000002b6f54e0000, 0x000002b6f64e0000)
 End Bits:   [0x000002b6f64e0000, 0x000002b6f74e0000)

Polling page: 0x000002b6ebc20000

Metaspace:

Usage:
  Non-class:      0 bytes used.
      Class:      0 bytes used.
       Both:      0 bytes used.

Virtual space:
  Non-class space:        0 bytes reserved,       0 bytes (  ?%) committed,  0 nodes.
      Class space:        1.00 GB reserved,       0 bytes (  0%) committed,  1 nodes.
             Both:        1.00 GB reserved,       0 bytes (  0%) committed. 

Chunk freelists:
   Non-Class:  0 bytes
       Class:  16.00 MB
        Both:  16.00 MB

MaxMetaspaceSize: unlimited
CompressedClassSpaceSize: 1.00 GB
Initial GC threshold: 21.00 MB
Current GC threshold: 17179869184.00 GB
CDS: on
MetaspaceReclaimPolicy: balanced
 - commit_granule_bytes: 65536.
 - commit_granule_words: 8192.
 - virtual_space_node_default_size: 8388608.
 - enlarge_chunks_in_place: 1.
 - new_chunks_are_fully_committed: 0.
 - uncommit_free_chunks: 1.
 - use_allocation_guard: 0.
 - handle_deallocations: 1.


Internal statistics:

num_allocs_failed_limit: 0.
num_arena_births: 0.
num_arena_deaths: 0.
num_vsnodes_births: 1.
num_vsnodes_deaths: 0.
num_space_committed: 0.
num_space_uncommitted: 0.
num_chunks_returned_to_freelist: 0.
num_chunks_taken_from_freelist: 1.
num_chunk_merges: 0.
num_chunk_splits: 1.
num_chunks_enlarged: 0.
num_inconsistent_stats: 0.

CodeHeap 'non-profiled nmethods': size=120000Kb used=0Kb max_used=0Kb free=120000Kb
 bounds [0x000002b687ad0000, 0x000002b687d40000, 0x000002b68f000000]
CodeHeap 'profiled nmethods': size=120000Kb used=0Kb max_used=0Kb free=120000Kb
 bounds [0x000002b680000000, 0x000002b680270000, 0x000002b687530000]
CodeHeap 'non-nmethods': size=5760Kb used=203Kb max_used=335Kb free=5556Kb
 bounds [0x000002b687530000, 0x000002b6877a0000, 0x000002b687ad0000]
 total_blobs=66 nmethods=0 adapters=47
 compilation: enabled
              stopped_count=0, restarted_count=0
 full_count=0

Compilation events (0 events):
No events

GC Heap History (0 events):
No events

Deoptimization events (0 events):
No events

Classes unloaded (0 events):
No events

Classes redefined (0 events):
No events

Internal exceptions (0 events):
No events

VM Operations (0 events):
No events

Events (1 events):
Event: 0.016 Loaded shared library C:\Program Files\Java\jdk-17\bin\java.dll


Dynamic libraries:
0x00007ff70a9f0000 - 0x00007ff70aa00000 	C:\Program Files\Java\jdk-17\bin\java.exe
0x00007fffbb3f0000 - 0x00007fffbb607000 	C:\WINDOWS\SYSTEM32\ntdll.dll
0x00007fffba6b0000 - 0x00007fffba774000 	C:\WINDOWS\System32\KERNEL32.DLL
0x00007fffb8b90000 - 0x00007fffb8f3d000 	C:\WINDOWS\System32\KERNELBASE.dll
0x00007fffb8f40000 - 0x00007fffb9051000 	C:\WINDOWS\System32\ucrtbase.dll
0x00007fff87ac0000 - 0x00007fff87ad9000 	C:\Program Files\Java\jdk-17\bin\jli.dll
0x00007fffba970000 - 0x00007fffbaa22000 	C:\WINDOWS\System32\ADVAPI32.dll
0x00007fffbb2c0000 - 0x00007fffbb367000 	C:\WINDOWS\System32\msvcrt.dll
0x00007fffba5f0000 - 0x00007fffba699000 	C:\WINDOWS\System32\sechost.dll
0x00007fffb9100000 - 0x00007fffb9128000 	C:\WINDOWS\System32\bcrypt.dll
0x00007fffb9990000 - 0x00007fffb9aa4000 	C:\WINDOWS\System32\RPCRT4.dll
0x00007fffbaca0000 - 0x00007fffbae4e000 	C:\WINDOWS\System32\USER32.dll
0x00007fffb89f0000 - 0x00007fffb8a16000 	C:\WINDOWS\System32\win32u.dll
0x00007fffba780000 - 0x00007fffba7a9000 	C:\WINDOWS\System32\GDI32.dll
0x00007fffb87a0000 - 0x00007fffb88b9000 	C:\WINDOWS\System32\gdi32full.dll
0x00007fffb9060000 - 0x00007fffb90fa000 	C:\WINDOWS\System32\msvcp_win.dll
0x00007fff87920000 - 0x00007fff8793b000 	C:\Program Files\Java\jdk-17\bin\VCRUNTIME140.dll
0x00007fffa4dd0000 - 0x00007fffa5063000 	C:\WINDOWS\WinSxS\amd64_microsoft.windows.common-controls_6595b64144ccf1df_6.0.22621.3672_none_2713b9d173822955\COMCTL32.dll
0x00007fffaca20000 - 0x00007fffaca2a000 	C:\WINDOWS\SYSTEM32\VERSION.dll
0x00007fffba060000 - 0x00007fffba091000 	C:\WINDOWS\System32\IMM32.DLL
0x00007fff8b500000 - 0x00007fff8b50c000 	C:\Program Files\Java\jdk-17\bin\vcruntime140_1.dll
0x00007fff7bdc0000 - 0x00007fff7be4e000 	C:\Program Files\Java\jdk-17\bin\msvcp140.dll
0x00007fff5e350000 - 0x00007fff5ef2f000 	C:\Program Files\Java\jdk-17\bin\server\jvm.dll
0x00007fffbb3a0000 - 0x00007fffbb3a8000 	C:\WINDOWS\System32\PSAPI.DLL
0x00007fff990e0000 - 0x00007fff990e9000 	C:\WINDOWS\SYSTEM32\WSOCK32.dll
0x00007fffb9b60000 - 0x00007fffb9bd1000 	C:\WINDOWS\System32\WS2_32.dll
0x00007fffaf120000 - 0x00007fffaf154000 	C:\WINDOWS\SYSTEM32\WINMM.dll
0x00007fffb7840000 - 0x00007fffb7858000 	C:\WINDOWS\SYSTEM32\kernel.appcore.dll
0x00007fff87c70000 - 0x00007fff87c7a000 	C:\Program Files\Java\jdk-17\bin\jimage.dll
0x00007fffb6040000 - 0x00007fffb6272000 	C:\WINDOWS\SYSTEM32\DBGHELP.DLL
0x00007fffbaf30000 - 0x00007fffbb2b8000 	C:\WINDOWS\System32\combase.dll
0x00007fffba3b0000 - 0x00007fffba487000 	C:\WINDOWS\System32\OLEAUT32.dll
0x00007fffabe60000 - 0x00007fffabe92000 	C:\WINDOWS\SYSTEM32\dbgcore.DLL
0x00007fffb8720000 - 0x00007fffb879b000 	C:\WINDOWS\System32\bcryptPrimitives.dll
0x00007fff878a0000 - 0x00007fff878ae000 	C:\Program Files\Java\jdk-17\bin\instrument.dll
0x00007fff87010000 - 0x00007fff87035000 	C:\Program Files\Java\jdk-17\bin\java.dll

dbghelp: loaded successfully - version: 4.0.5 - missing functions: none
symbol engine: initialized successfully - sym options: 0x614 - pdb path: .;C:\Program Files\Java\jdk-17\bin;C:\WINDOWS\SYSTEM32;C:\WINDOWS\WinSxS\amd64_microsoft.windows.common-controls_6595b64144ccf1df_6.0.22621.3672_none_2713b9d173822955;C:\Program Files\Java\jdk-17\bin\server

VM Arguments:
jvm_args: --add-modules=ALL-SYSTEM --add-opens=java.base/java.util=ALL-UNNAMED --add-opens=java.base/java.lang=ALL-UNNAMED --add-opens=java.base/sun.nio.fs=ALL-UNNAMED -Declipse.application=org.eclipse.jdt.ls.core.id1 -Dosgi.bundles.defaultStartLevel=4 -Declipse.product=org.eclipse.jdt.ls.core.product -Djava.import.generatesMetadataFilesAtProjectRoot=false -DDetectVMInstallationsJob.disabled=true -Dfile.encoding=utf8 -XX:+UseParallelGC -XX:GCTimeRatio=4 -XX:AdaptiveSizePolicyWeight=90 -Dsun.zip.disableMemoryMapping=true -Xmx1G -Xms100m -Xlog:disable -javaagent:c:\Users\ramon\.vscode\extensions\redhat.java-1.30.0\lombok\lombok-1.18.32.jar -XX:+HeapDumpOnOutOfMemoryError -XX:HeapDumpPath=c:\Users\ramon\AppData\Roaming\Code\User\workspaceStorage\bc5a9c895754f250162efedb4d80cfb3\redhat.java -Daether.dependencyCollector.impl=bf 
java_command: c:\Users\ramon\.vscode\extensions\redhat.java-1.30.0\server\plugins\org.eclipse.equinox.launcher_1.6.800.v20240330-1250.jar -configuration c:\Users\ramon\AppData\Roaming\Code\User\globalStorage\redhat.java\1.30.0\config_win -data c:\Users\ramon\AppData\Roaming\Code\User\workspaceStorage\bc5a9c895754f250162efedb4d80cfb3\redhat.java\jdt_ws --pipe=\\.\pipe\lsp-d01f615c0a90afa691516a8b2e59a48c-sock
java_class_path (initial): c:\Users\ramon\.vscode\extensions\redhat.java-1.30.0\server\plugins\org.eclipse.equinox.launcher_1.6.800.v20240330-1250.jar
Launcher Type: SUN_STANDARD

[Global flags]
    uintx AdaptiveSizePolicyWeight                 = 90                                        {product} {command line}
     intx CICompilerCount                          = 4                                         {product} {ergonomic}
    uintx GCTimeRatio                              = 4                                         {product} {command line}
     bool HeapDumpOnOutOfMemoryError               = true                                   {manageable} {command line}
    ccstr HeapDumpPath                             = c:\Users\ramon\AppData\Roaming\Code\User\workspaceStorage\bc5a9c895754f250162efedb4d80cfb3\redhat.java         {manageable} {command line}
   size_t InitialHeapSize                          = 104857600                                 {product} {command line}
   size_t MaxHeapSize                              = 1073741824                                {product} {command line}
   size_t MaxNewSize                               = 357564416                                 {product} {ergonomic}
   size_t MinHeapDeltaBytes                        = 524288                                    {product} {ergonomic}
   size_t MinHeapSize                              = 104857600                                 {product} {command line}
   size_t NewSize                                  = 34603008                                  {product} {ergonomic}
    uintx NonNMethodCodeHeapSize                   = 5839372                                {pd product} {ergonomic}
    uintx NonProfiledCodeHeapSize                  = 122909434                              {pd product} {ergonomic}
   size_t OldSize                                  = 70254592                                  {product} {ergonomic}
    uintx ProfiledCodeHeapSize                     = 122909434                              {pd product} {ergonomic}
    uintx ReservedCodeCacheSize                    = 251658240                              {pd product} {ergonomic}
     bool SegmentedCodeCache                       = true                                      {product} {ergonomic}
   size_t SoftMaxHeapSize                          = 1073741824                             {manageable} {ergonomic}
     bool UseCompressedClassPointers               = true                           {product lp64_product} {ergonomic}
     bool UseCompressedOops                        = true                           {product lp64_product} {ergonomic}
     bool UseLargePagesIndividualAllocation        = false                                  {pd product} {ergonomic}
     bool UseParallelGC                            = true                                      {product} {command line}

Logging:
Log output configuration:
 #0: stdout all=off uptime,level,tags
 #1: stderr all=off uptime,level,tags

Environment Variables:
JAVA_HOME=C:\Program Files\Java\jdk-17
CLASSPATH=.;
PATH=C:\Program Files\Common Files\Oracle\Java\javapath;C:\Program Files (x86)\Common Files\Oracle\Java\javapath;C:\Program Files (x86)\Common Files\Intel\Shared Libraries\redist\intel64\compiler;C:\Python27\;C:\Python27\Scripts;C:\WINDOWS\system32;C:\WINDOWS;C:\WINDOWS\System32\Wbem;C:\WINDOWS\System32\WindowsPowerShell\v1.0\;C:\WINDOWS\System32\OpenSSH\;C:\ProgramData\chocolatey\bin;C:\Program Files (x86)\Yarn\bin\;C:\Program Files\Java\jdk1.8.0_211\bin;C:\Android\Sdk\platform-tools;C:\Android\Sdk\emulator;C:\Android\Sdk\tools;C:\Android\Sdk\tools\bin;C:\Program Files\Git\cmd;C:\Program Files\dotnet\;C:\Program Files\Java\jdk-17\bin;C:\Program Files (x86)\Google\Cloud SDK\google-cloud-sdk\bin;C:\Users\ramon\AppData\Roaming\nvm;C:\Program Files\nodejs;C:\Program Files\nodejs\;C:\Program Files\Java\jdk-17;C:\Users\ramon\AppData\Local\Microsoft\WindowsApps;C:\Users\ramon\AppData\Local\Yarn\bin;C:\Android\Sdk\emulator;C:\Android\Sdk\tools;C:\Android\Sdk\tools\bin;C:\Android\Sdk\platform-tools;C:\Users\ramon\AppData\Local\Programs\Microsoft VS Code\bin;C:\Users\ramon\AppData\Local\GitHubDesktop\bin;C:\Users\ramon\AppData\Roaming\nvm;C:\Program Files\nodejs;C:\Users\ramon\AppData\Roaming\npm;
USERNAME=guest
OS=Windows_NT
PROCESSOR_IDENTIFIER=Intel64 Family 6 Model 142 Stepping 11, GenuineIntel



---------------  S Y S T E M  ---------------

OS:
 Windows 11 , 64 bit Build 22621 (10.0.22621.3672)
OS uptime: 12 days 7:46 hours

CPU: total 8 (initial active 8) (4 cores per cpu, 2 threads per core) family 6 model 142 stepping 11 microcode 0xf0, cx8, cmov, fxsr, ht, mmx, 3dnowpref, sse, sse2, sse3, ssse3, sse4.1, sse4.2, popcnt, lzcnt, tsc, tscinvbit, avx, avx2, aes, erms, clmul, bmi1, bmi2, adx, fma, vzeroupper, clflush, clflushopt

Memory: 4k page, system-wide physical 16189M (1481M free)
TotalPageFile size 65341M (AvailPageFile size 44M)
current process WorkingSet (physical memory assigned to process): 24M, peak: 24M
current process commit charge ("private bytes"): 172M, peak: 173M

vm_info: Java HotSpot(TM) 64-Bit Server VM (17.0.10+11-LTS-240) for windows-amd64 JRE (17.0.10+11-LTS-240), built on Dec 19 2023 21:47:25 by "mach5one" with MS VC++ 17.1 (VS2022)

END.
