#
# There is insufficient memory for the Java Runtime Environment to continue.
# Native memory allocation (malloc) failed to allocate 32744 bytes for ChunkPool::allocate
# Possible reasons:
#   The system is out of physical RAM or swap space
#   The process is running with CompressedOops enabled, and the Java Heap may be blocking the growth of the native heap
# Possible solutions:
#   Reduce memory load on the system
#   Increase physical memory or swap space
#   Check if swap backing store is full
#   Decrease Java heap size (-Xmx/-Xms)
#   Decrease number of Java threads
#   Decrease Java thread stack sizes (-Xss)
#   Set larger code cache with -XX:ReservedCodeCacheSize=
#   JVM is running with Unscaled Compressed Oops mode in which the Java heap is
#     placed in the first 4GB address space. The Java Heap base address is the
#     maximum limit for the native heap growth. Please use -XX:HeapBaseMinAddress
#     to set the Java Heap base and to place the Java Heap above 4GB virtual address.
# This output file may be truncated or incomplete.
#
#  Out of Memory Error (arena.cpp:78), pid=30308, tid=22236
#
# JRE version: Java(TM) SE Runtime Environment (17.0.10+11) (build 17.0.10+11-LTS-240)
# Java VM: Java HotSpot(TM) 64-Bit Server VM (17.0.10+11-LTS-240, mixed mode, sharing, tiered, compressed oops, compressed class ptrs, parallel gc, windows-amd64)
# No core dump will be written. Minidumps are not enabled by default on client versions of Windows
#

---------------  S U M M A R Y ------------

Command Line: --add-modules=ALL-SYSTEM --add-opens=java.base/java.util=ALL-UNNAMED --add-opens=java.base/java.lang=ALL-UNNAMED --add-opens=java.base/sun.nio.fs=ALL-UNNAMED -Declipse.application=org.eclipse.jdt.ls.core.id1 -Dosgi.bundles.defaultStartLevel=4 -Declipse.product=org.eclipse.jdt.ls.core.product -Djava.import.generatesMetadataFilesAtProjectRoot=false -DDetectVMInstallationsJob.disabled=true -Dfile.encoding=utf8 -XX:+UseParallelGC -XX:GCTimeRatio=4 -XX:AdaptiveSizePolicyWeight=90 -Dsun.zip.disableMemoryMapping=true -Xmx1G -Xms100m -Xlog:disable -javaagent:c:\Users\ramon\.vscode\extensions\redhat.java-1.30.0\lombok\lombok-1.18.32.jar c:\Users\ramon\.vscode\extensions\redhat.java-1.30.0\server\plugins\org.eclipse.equinox.launcher_1.6.800.v20240330-1250.jar -configuration c:\Users\ramon\AppData\Roaming\Code\User\globalStorage\redhat.java\1.30.0\config_ss_win -data c:\Users\ramon\AppData\Roaming\Code\User\workspaceStorage\bc5a9c895754f250162efedb4d80cfb3\redhat.java\ss_ws --pipe=\\.\pipe\lsp-840655a2be39bff5308991ec77aa93b3-sock

Host: Intel(R) Core(TM) i7-8565U CPU @ 1.80GHz, 8 cores, 15G,  Windows 11 , 64 bit Build 22621 (10.0.22621.3672)
Time: Mon Jul  8 10:18:39 2024 Hora Padrão de Caracas elapsed time: 4.012874 seconds (0d 0h 0m 4s)

---------------  T H R E A D  ---------------

Current thread (0x000002cd736bb730):  JavaThread "Start Level: Equinox Container: 7a77da8a-ee5b-4516-aa84-582640a180b9" daemon [_thread_in_vm, id=22236, stack(0x000000e362d00000,0x000000e362e00000)]

Stack: [0x000000e362d00000,0x000000e362e00000]
Native frames: (J=compiled Java code, j=interpreted, Vv=VM code, C=native code)
V  [jvm.dll+0x677a5a]
V  [jvm.dll+0x7d8b2d]
V  [jvm.dll+0x7da48e]
V  [jvm.dll+0x7daaf3]
V  [jvm.dll+0x2455ff]
V  [jvm.dll+0xaad50]
V  [jvm.dll+0xab09c]
V  [jvm.dll+0x38c634]
V  [jvm.dll+0x390afe]
V  [jvm.dll+0x38d443]
V  [jvm.dll+0x38ce3e]
V  [jvm.dll+0x412899]
C  [java.dll+0x6f96]

Java frames: (J=compiled Java code, j=interpreted, Vv=VM code)
J 1375  java.lang.Throwable.fillInStackTrace(I)Ljava/lang/Throwable; java.base@17.0.10 (0 bytes) @ 0x000002cd629e29e3 [0x000002cd629e29a0+0x0000000000000043]
J 1187 c1 java.lang.Throwable.fillInStackTrace()Ljava/lang/Throwable; java.base@17.0.10 (29 bytes) @ 0x000002cd5b096474 [0x000002cd5b096340+0x0000000000000134]
j  java.lang.Throwable.<init>()V+24 java.base@17.0.10
j  java.lang.Error.<init>()V+1 java.base@17.0.10
j  java.lang.VirtualMachineError.<init>()V+1 java.base@17.0.10
j  java.lang.OutOfMemoryError.<init>()V+1 java.base@17.0.10
v  ~StubRoutines::call_stub
J 1074  java.lang.ClassLoader.defineClass1(Ljava/lang/ClassLoader;Ljava/lang/String;[BIILjava/security/ProtectionDomain;Ljava/lang/String;)Ljava/lang/Class; java.base@17.0.10 (0 bytes) @ 0x000002cd629bd9e3 [0x000002cd629bd920+0x00000000000000c3]
J 1687 c1 java.lang.ClassLoader.defineClass(Ljava/lang/String;[BIILjava/security/ProtectionDomain;)Ljava/lang/Class; java.base@17.0.10 (43 bytes) @ 0x000002cd5b18fadc [0x000002cd5b18f780+0x000000000000035c]
j  java.lang.ClassLoader.defineClass(Ljava/lang/String;[BII)Ljava/lang/Class;+7 java.base@17.0.10
j  lombok.launch.ShadowClassLoader.urlToDefineClass(Ljava/lang/String;Ljava/net/URL;Z)Ljava/lang/Class;+155
j  lombok.launch.ShadowClassLoader.loadClass(Ljava/lang/String;Z)Ljava/lang/Class;+238
J 789 c1 java.lang.ClassLoader.loadClass(Ljava/lang/String;)Ljava/lang/Class; java.base@17.0.10 (7 bytes) @ 0x000002cd5afcf64c [0x000002cd5afcf540+0x000000000000010c]
v  ~StubRoutines::call_stub
j  java.lang.Class.forName0(Ljava/lang/String;ZLjava/lang/ClassLoader;Ljava/lang/Class;)Ljava/lang/Class;+0 java.base@17.0.10
j  java.lang.Class.forName(Ljava/lang/String;ZLjava/lang/ClassLoader;)Ljava/lang/Class;+43 java.base@17.0.10
j  lombok.launch.PatchFixesHider$Util.shadowLoadClass(Ljava/lang/String;)Ljava/lang/Class;+5
j  lombok.launch.PatchFixesHider$Delegate.<clinit>()V+49
v  ~StubRoutines::call_stub
j  org.eclipse.jdt.internal.core.JavaElement.getElementInfo()Lorg/eclipse/jdt/internal/compiler/env/IElementInfo;+1
j  org.eclipse.jdt.internal.core.JavaElement.getChildren()[Lorg/eclipse/jdt/core/IJavaElement;+1
j  org.eclipse.jdt.internal.core.JavaElement.getChildrenOfType(I)Ljava/util/ArrayList;+1
j  org.eclipse.jdt.internal.core.JavaModel.getJavaProjects()[Lorg/eclipse/jdt/core/IJavaProject;+2
j  org.eclipse.jdt.internal.core.DeltaProcessingState.getRootInfos(Z)Lorg/eclipse/jdt/internal/core/DeltaProcessingState$RootInfos;+16
j  org.eclipse.jdt.internal.core.DeltaProcessingState.initializeRootsWithPreviousSession()V+2
j  org.eclipse.jdt.internal.core.JavaModelManager.startup()V+141
j  org.eclipse.jdt.core.JavaCore.start(Lorg/osgi/framework/BundleContext;)V+12
j  org.eclipse.osgi.internal.framework.BundleContextImpl$2.run()Ljava/lang/Void;+23
j  org.eclipse.osgi.internal.framework.BundleContextImpl$2.run()Ljava/lang/Object;+1
J 898 c1 java.security.AccessController.executePrivileged(Ljava/security/PrivilegedExceptionAction;Ljava/security/AccessControlContext;Ljava/lang/Class;)Ljava/lang/Object; java.base@17.0.10 (65 bytes) @ 0x000002cd5b0092bc [0x000002cd5b009160+0x000000000000015c]
j  java.security.AccessController.doPrivileged(Ljava/security/PrivilegedExceptionAction;)Ljava/lang/Object;+9 java.base@17.0.10
j  org.eclipse.osgi.internal.framework.BundleContextImpl.startActivator(Lorg/osgi/framework/BundleActivator;)V+9
j  org.eclipse.osgi.internal.framework.BundleContextImpl.start()V+134
j  org.eclipse.osgi.internal.framework.EquinoxBundle.startWorker0()V+35
j  org.eclipse.osgi.internal.framework.EquinoxBundle$EquinoxModule.startWorker()V+4
j  org.eclipse.osgi.container.Module.doStart([Lorg/eclipse/osgi/container/Module$StartOptions;)Lorg/eclipse/osgi/container/ModuleContainerAdaptor$ModuleEvent;+190
J 2058 c1 org.eclipse.osgi.container.Module.start([Lorg/eclipse/osgi/container/Module$StartOptions;)V (655 bytes) @ 0x000002cd5b265c34 [0x000002cd5b2637e0+0x0000000000002454]
J 2057 c1 org.eclipse.osgi.framework.util.SecureAction.start(Lorg/eclipse/osgi/container/Module;[Lorg/eclipse/osgi/container/Module$StartOptions;)V (61 bytes) @ 0x000002cd5b262574 [0x000002cd5b2620c0+0x00000000000004b4]
J 1852 c1 org.eclipse.osgi.internal.hooks.EclipseLazyStarter.postFindLocalClass(Ljava/lang/String;Ljava/lang/Class;Lorg/eclipse/osgi/internal/loader/classpath/ClasspathManager;)V (394 bytes) @ 0x000002cd5b1f266c [0x000002cd5b1f1660+0x000000000000100c]
J 1733 c1 org.eclipse.osgi.internal.loader.classpath.ClasspathManager.findLocalClass(Ljava/lang/String;)Ljava/lang/Class; (210 bytes) @ 0x000002cd5b1ab40c [0x000002cd5b1aa3a0+0x000000000000106c]
J 1731 c1 org.eclipse.osgi.internal.loader.BundleLoader.findLocalClass(Ljava/lang/String;)Ljava/lang/Class; (152 bytes) @ 0x000002cd5b1a848c [0x000002cd5b1a7c20+0x000000000000086c]
J 1919 c1 org.eclipse.osgi.internal.loader.sources.SingleSourcePackage.loadClass(Ljava/lang/String;)Ljava/lang/Class; (9 bytes) @ 0x000002cd5b212c44 [0x000002cd5b212b40+0x0000000000000104]
J 1650 c1 org.eclipse.osgi.internal.loader.BundleLoader.findClass0(Ljava/lang/String;ZZ)Ljava/lang/Class; (470 bytes) @ 0x000002cd5b17b154 [0x000002cd5b178aa0+0x00000000000026b4]
J 1649 c1 org.eclipse.osgi.internal.loader.BundleLoader.findClass(Ljava/lang/String;)Ljava/lang/Class; (8 bytes) @ 0x000002cd5b17819c [0x000002cd5b178120+0x000000000000007c]
J 1651 c1 org.eclipse.osgi.internal.loader.ModuleClassLoader.loadClass(Ljava/lang/String;Z)Ljava/lang/Class; (36 bytes) @ 0x000002cd5b17e644 [0x000002cd5b17e420+0x0000000000000224]
J 789 c1 java.lang.ClassLoader.loadClass(Ljava/lang/String;)Ljava/lang/Class; java.base@17.0.10 (7 bytes) @ 0x000002cd5afcf64c [0x000002cd5afcf540+0x000000000000010c]
v  ~StubRoutines::call_stub
j  java.lang.Class.getDeclaredConstructors0(Z)[Ljava/lang/reflect/Constructor;+0 java.base@17.0.10
j  java.lang.Class.privateGetDeclaredConstructors(Z)[Ljava/lang/reflect/Constructor;+52 java.base@17.0.10
j  java.lang.Class.getConstructor0([Ljava/lang/Class;I)Ljava/lang/reflect/Constructor;+14 java.base@17.0.10
j  java.lang.Class.getConstructor([Ljava/lang/Class;)Ljava/lang/reflect/Constructor;+24 java.base@17.0.10
j  org.eclipse.osgi.internal.framework.BundleContextImpl.loadBundleActivator()Lorg/osgi/framework/BundleActivator;+105
j  org.eclipse.osgi.internal.framework.BundleContextImpl.start()V+18
j  org.eclipse.osgi.internal.framework.EquinoxBundle.startWorker0()V+35
j  org.eclipse.osgi.internal.framework.EquinoxBundle$EquinoxModule.startWorker()V+4
j  org.eclipse.osgi.container.Module.doStart([Lorg/eclipse/osgi/container/Module$StartOptions;)Lorg/eclipse/osgi/container/ModuleContainerAdaptor$ModuleEvent;+190
j  org.eclipse.osgi.container.Module.start([Lorg/eclipse/osgi/container/Module$StartOptions;)V+460
j  org.eclipse.osgi.container.ModuleContainer$ContainerStartLevel$2.run()V+71
j  org.eclipse.osgi.internal.framework.EquinoxContainerAdaptor$1$1.execute(Ljava/lang/Runnable;)V+1
j  org.eclipse.osgi.container.ModuleContainer$ContainerStartLevel.incStartLevel(ILjava/util/List;Z)V+193
j  org.eclipse.osgi.container.ModuleContainer$ContainerStartLevel.incStartLevel(ILjava/util/List;Ljava/util/List;Ljava/util/List;Ljava/util/List;)V+19
j  org.eclipse.osgi.container.ModuleContainer$ContainerStartLevel.doContainerStartLevel(Lorg/eclipse/osgi/container/Module;I[Lorg/osgi/framework/FrameworkListener;)V+349
j  org.eclipse.osgi.container.ModuleContainer$ContainerStartLevel.dispatchEvent(Lorg/eclipse/osgi/container/Module;[Lorg/osgi/framework/FrameworkListener;ILjava/lang/Integer;)V+32
j  org.eclipse.osgi.container.ModuleContainer$ContainerStartLevel.dispatchEvent(Ljava/lang/Object;Ljava/lang/Object;ILjava/lang/Object;)V+15
j  org.eclipse.osgi.framework.eventmgr.EventManager.dispatchEvent(Ljava/util/Set;Lorg/eclipse/osgi/framework/eventmgr/EventDispatcher;ILjava/lang/Object;)V+48
j  org.eclipse.osgi.framework.eventmgr.EventManager$EventThread.run()V+26
v  ~StubRoutines::call_stub

---------------  P R O C E S S  ---------------

Threads class SMR info:
_java_thread_list=0x000002cd740230b0, length=23, elements={
0x000002cd51dd5620, 0x000002cd51e8cc20, 0x000002cd51e914a0, 0x000002cd6c7cc210,
0x000002cd6c7ccce0, 0x000002cd6c7cd8a0, 0x000002cd6c7ce460, 0x000002cd6c7d2320,
0x000002cd6e62f310, 0x000002cd6e631fe0, 0x000002cd6e6c3ac0, 0x000002cd6e835c10,
0x000002cd734e0770, 0x000002cd734da2b0, 0x000002cd736bafb0, 0x000002cd736bb730,
0x000002cd73688c50, 0x000002cd736b9290, 0x000002cd73957a80, 0x000002cd739584a0,
0x000002cd73955710, 0x000002cd73955c20, 0x000002cd747ce3a0
}

Java Threads: ( => current thread )
  0x000002cd51dd5620 JavaThread "main" [_thread_blocked, id=20600, stack(0x000000e361500000,0x000000e361600000)]
  0x000002cd51e8cc20 JavaThread "Reference Handler" daemon [_thread_blocked, id=9664, stack(0x000000e361800000,0x000000e361900000)]
  0x000002cd51e914a0 JavaThread "Finalizer" daemon [_thread_blocked, id=24564, stack(0x000000e361900000,0x000000e361a00000)]
  0x000002cd6c7cc210 JavaThread "Signal Dispatcher" daemon [_thread_blocked, id=4020, stack(0x000000e361a00000,0x000000e361b00000)]
  0x000002cd6c7ccce0 JavaThread "Attach Listener" daemon [_thread_blocked, id=17304, stack(0x000000e361b00000,0x000000e361c00000)]
  0x000002cd6c7cd8a0 JavaThread "Service Thread" daemon [_thread_blocked, id=7212, stack(0x000000e361c00000,0x000000e361d00000)]
  0x000002cd6c7ce460 JavaThread "Monitor Deflation Thread" daemon [_thread_blocked, id=6576, stack(0x000000e361d00000,0x000000e361e00000)]
  0x000002cd6c7d2320 JavaThread "C2 CompilerThread0" daemon [_thread_in_native, id=11044, stack(0x000000e361e00000,0x000000e361f00000)]
  0x000002cd6e62f310 JavaThread "C1 CompilerThread0" daemon [_thread_blocked, id=31508, stack(0x000000e361f00000,0x000000e362000000)]
  0x000002cd6e631fe0 JavaThread "Sweeper thread" daemon [_thread_blocked, id=10972, stack(0x000000e362000000,0x000000e362100000)]
  0x000002cd6e6c3ac0 JavaThread "Common-Cleaner" daemon [_thread_blocked, id=7128, stack(0x000000e362100000,0x000000e362200000)]
  0x000002cd6e835c10 JavaThread "Notification Thread" daemon [_thread_blocked, id=25744, stack(0x000000e362200000,0x000000e362300000)]
  0x000002cd734e0770 JavaThread "C2 CompilerThread1" daemon [_thread_in_native, id=19128, stack(0x000000e362a00000,0x000000e362b00000)]
  0x000002cd734da2b0 JavaThread "Active Thread: Equinox Container: 7a77da8a-ee5b-4516-aa84-582640a180b9" [_thread_blocked, id=28384, stack(0x000000e362b00000,0x000000e362c00000)]
  0x000002cd736bafb0 JavaThread "Framework Event Dispatcher: Equinox Container: 7a77da8a-ee5b-4516-aa84-582640a180b9" daemon [_thread_blocked, id=23788, stack(0x000000e362c00000,0x000000e362d00000)]
=>0x000002cd736bb730 JavaThread "Start Level: Equinox Container: 7a77da8a-ee5b-4516-aa84-582640a180b9" daemon [_thread_in_vm, id=22236, stack(0x000000e362d00000,0x000000e362e00000)]
  0x000002cd73688c50 JavaThread "SCR Component Actor" daemon [_thread_blocked, id=29808, stack(0x000000e362e00000,0x000000e362f00000)]
  0x000002cd736b9290 JavaThread "SCR Component Registry" daemon [_thread_blocked, id=9308, stack(0x000000e363000000,0x000000e363100000)]
  0x000002cd73957a80 JavaThread "Worker-JM" [_thread_blocked, id=7176, stack(0x000000e363100000,0x000000e363200000)]
  0x000002cd739584a0 JavaThread "Worker-0" [_thread_blocked, id=5668, stack(0x000000e363200000,0x000000e363300000)]
  0x000002cd73955710 JavaThread "Worker-1" [_thread_blocked, id=21892, stack(0x000000e363300000,0x000000e363400000)]
  0x000002cd73955c20 JavaThread "Worker-2" [_thread_blocked, id=27836, stack(0x000000e363400000,0x000000e363500000)]
  0x000002cd747ce3a0 JavaThread "C2 CompilerThread2" daemon [_thread_in_native, id=13352, stack(0x000000e363500000,0x000000e363600000)]

Other Threads:
  0x000002cd51e88ad0 VMThread "VM Thread" [stack: 0x000000e361700000,0x000000e361800000] [id=24648]
  0x000002cd6e822ae0 WatcherThread [stack: 0x000000e362300000,0x000000e362400000] [id=27984]
  0x000002cd51deb3b0 GCTaskThread "GC Thread#0" [stack: 0x000000e361600000,0x000000e361700000] [id=6712]
  0x000002cd6e9edd70 GCTaskThread "GC Thread#1" [stack: 0x000000e362400000,0x000000e362500000] [id=18836]
  0x000002cd6e81c330 GCTaskThread "GC Thread#2" [stack: 0x000000e362500000,0x000000e362600000] [id=20948]
  0x000002cd73374300 GCTaskThread "GC Thread#3" [stack: 0x000000e362600000,0x000000e362700000] [id=23284]
  0x000002cd733745c0 GCTaskThread "GC Thread#4" [stack: 0x000000e362700000,0x000000e362800000] [id=2008]
  0x000002cd731fe910 GCTaskThread "GC Thread#5" [stack: 0x000000e362800000,0x000000e362900000] [id=5832]
  0x000002cd731febd0 GCTaskThread "GC Thread#6" [stack: 0x000000e362900000,0x000000e362a00000] [id=23156]
  0x000002cd6e834a50 GCTaskThread "GC Thread#7" [stack: 0x000000e362f00000,0x000000e363000000] [id=28984]

Threads with active compile tasks:
C2 CompilerThread0     4057 2347       4       org.lombokweb.asm.ClassReader::readMethod (1066 bytes)
C2 CompilerThread1     4057 2385       4       org.lombokweb.asm.MethodWriter::<init> (232 bytes)
C2 CompilerThread2     4057 2384       4       org.lombokweb.asm.ClassWriter::visitMethod (57 bytes)

VM state: not at safepoint (normal execution)

VM Mutex/Monitor currently owned by a thread: None

Heap address: 0x00000000c0000000, size: 1024 MB, Compressed Oops mode: 32-bit

CDS archive(s) mapped at: [0x000002cd00000000-0x000002cd00bd0000-0x000002cd00bd0000), size 12386304, SharedBaseAddress: 0x000002cd00000000, ArchiveRelocationMode: 1.
Compressed class space mapped at: 0x000002cd01000000-0x000002cd41000000, reserved size: 1073741824
Narrow klass base: 0x000002cd00000000, Narrow klass shift: 0, Narrow klass range: 0x100000000

GC Precious Log:
 CPUs: 8 total, 8 available
 Memory: 16189M
 Large Page Support: Disabled
 NUMA Support: Disabled
 Compressed Oops: Enabled (32-bit)
 Alignments: Space 512K, Generation 512K, Heap 2M
 Heap Min Capacity: 100M
 Heap Initial Capacity: 100M
 Heap Max Capacity: 1G
 Pre-touch: Disabled
 Parallel Workers: 8

Heap:
 PSYoungGen      total 29184K, used 17160K [0x00000000eab00000, 0x00000000ecd80000, 0x0000000100000000)
  eden space 25088K, 52% used [0x00000000eab00000,0x00000000eb7d2af0,0x00000000ec380000)
  from space 4096K, 98% used [0x00000000ec400000,0x00000000ec7ef8e8,0x00000000ec800000)
  to   space 5120K, 0% used [0x00000000ec880000,0x00000000ec880000,0x00000000ecd80000)
 ParOldGen       total 68608K, used 6347K [0x00000000c0000000, 0x00000000c4300000, 0x00000000eab00000)
  object space 68608K, 9% used [0x00000000c0000000,0x00000000c0632cb8,0x00000000c4300000)
 Metaspace       used 20489K, committed 20992K, reserved 1114112K
  class space    used 1891K, committed 2112K, reserved 1048576K

Card table byte_map: [0x000002cd6a060000,0x000002cd6a270000] _byte_map_base: 0x000002cd69a60000

Marking Bits: (ParMarkBitMap*) 0x00007fff5ee71be0
 Begin Bits: [0x000002cd6a3d0000, 0x000002cd6b3d0000)
 End Bits:   [0x000002cd6b3d0000, 0x000002cd6c3d0000)

Polling page: 0x000002cd51ea0000

Metaspace:

Usage:
  Non-class:     18.16 MB used.
      Class:      1.85 MB used.
       Both:     20.01 MB used.

Virtual space:
  Non-class space:       64.00 MB reserved,      18.44 MB ( 29%) committed,  1 nodes.
      Class space:        1.00 GB reserved,       2.06 MB ( <1%) committed,  1 nodes.
             Both:        1.06 GB reserved,      20.50 MB (  2%) committed. 

Chunk freelists:
   Non-Class:  13.57 MB
       Class:  13.95 MB
        Both:  27.52 MB

MaxMetaspaceSize: unlimited
CompressedClassSpaceSize: 1.00 GB
Initial GC threshold: 21.00 MB
Current GC threshold: 21.00 MB
CDS: on
MetaspaceReclaimPolicy: balanced
 - commit_granule_bytes: 65536.
 - commit_granule_words: 8192.
 - virtual_space_node_default_size: 8388608.
 - enlarge_chunks_in_place: 1.
 - new_chunks_are_fully_committed: 0.
 - uncommit_free_chunks: 1.
 - use_allocation_guard: 0.
 - handle_deallocations: 1.


Internal statistics:

num_allocs_failed_limit: 0.
num_arena_births: 282.
num_arena_deaths: 0.
num_vsnodes_births: 2.
num_vsnodes_deaths: 0.
num_space_committed: 328.
num_space_uncommitted: 0.
num_chunks_returned_to_freelist: 0.
num_chunks_taken_from_freelist: 998.
num_chunk_merges: 0.
num_chunk_splits: 680.
num_chunks_enlarged: 476.
num_inconsistent_stats: 0.

CodeHeap 'non-profiled nmethods': size=120000Kb used=1054Kb max_used=1054Kb free=118945Kb
 bounds [0x000002cd62950000, 0x000002cd62bc0000, 0x000002cd69e80000]
CodeHeap 'profiled nmethods': size=120000Kb used=4814Kb max_used=4814Kb free=115185Kb
 bounds [0x000002cd5ae80000, 0x000002cd5b340000, 0x000002cd623b0000]
CodeHeap 'non-nmethods': size=5760Kb used=1224Kb max_used=1251Kb free=4535Kb
 bounds [0x000002cd623b0000, 0x000002cd62620000, 0x000002cd62950000]
 total_blobs=2955 nmethods=2417 adapters=452
 compilation: enabled
              stopped_count=0, restarted_count=0
 full_count=0

Compilation events (20 events):
Event: 3.941 Thread 0x000002cd6e62f310 2406       3       org.eclipse.core.internal.preferences.PreferencesService::getRootNode (4 bytes)
Event: 3.941 Thread 0x000002cd6e62f310 nmethod 2406 0x000002cd5b32fe10 code [0x000002cd5b32ffa0, 0x000002cd5b3300b8]
Event: 3.941 Thread 0x000002cd6e62f310 2410  s    3       org.eclipse.core.internal.preferences.RootPreferences::getChild (60 bytes)
Event: 3.942 Thread 0x000002cd6e62f310 nmethod 2410 0x000002cd5b330190 code [0x000002cd5b3303c0, 0x000002cd5b330cf8]
Event: 3.955 Thread 0x000002cd6e62f310 2412       3       java.io.DataInputStream::readBoolean (30 bytes)
Event: 3.955 Thread 0x000002cd6e62f310 nmethod 2412 0x000002cd5b330f10 code [0x000002cd5b3310c0, 0x000002cd5b3313f8]
Event: 3.957 Thread 0x000002cd6e62f310 2413       3       java.lang.ref.SoftReference::<init> (14 bytes)
Event: 3.958 Thread 0x000002cd6e62f310 nmethod 2413 0x000002cd5b331510 code [0x000002cd5b3316c0, 0x000002cd5b331938]
Event: 3.959 Thread 0x000002cd6e62f310 2414       3       java.lang.reflect.Field::getFieldAccessor (35 bytes)
Event: 3.959 Thread 0x000002cd6e62f310 nmethod 2414 0x000002cd5b331a10 code [0x000002cd5b331bc0, 0x000002cd5b331da8]
Event: 3.959 Thread 0x000002cd6e62f310 2415       3       java.lang.reflect.Field::checkAccess (32 bytes)
Event: 3.959 Thread 0x000002cd6e62f310 nmethod 2415 0x000002cd5b331e90 code [0x000002cd5b332040, 0x000002cd5b3322c8]
Event: 3.998 Thread 0x000002cd6e62f310 2416       3       java.io.File::isFile (34 bytes)
Event: 3.999 Thread 0x000002cd6e62f310 nmethod 2416 0x000002cd5b332410 code [0x000002cd5b332600, 0x000002cd5b332b48]
Event: 4.001 Thread 0x000002cd6e62f310 2417       1       org.eclipse.osgi.internal.loader.EquinoxClassLoader::getDebug (5 bytes)
Event: 4.001 Thread 0x000002cd6e62f310 nmethod 2417 0x000002cd62a4f790 code [0x000002cd62a4f920, 0x000002cd62a4f9f8]
Event: 4.002 Thread 0x000002cd6e62f310 2418       2       java.lang.String::equalsIgnoreCase (45 bytes)
Event: 4.003 Thread 0x000002cd6e62f310 nmethod 2418 0x000002cd5b332d10 code [0x000002cd5b332ec0, 0x000002cd5b333088]
Event: 4.004 Thread 0x000002cd6e62f310 2419       3       java.lang.Class::reflectionData (43 bytes)
Event: 4.005 Thread 0x000002cd6e62f310 nmethod 2419 0x000002cd5b333190 code [0x000002cd5b333360, 0x000002cd5b333778]

GC Heap History (10 events):
Event: 1.581 GC heap before
{Heap before GC invocations=1 (full 0):
 PSYoungGen      total 29696K, used 25600K [0x00000000eab00000, 0x00000000ecc00000, 0x0000000100000000)
  eden space 25600K, 100% used [0x00000000eab00000,0x00000000ec400000,0x00000000ec400000)
  from space 4096K, 0% used [0x00000000ec800000,0x00000000ec800000,0x00000000ecc00000)
  to   space 4096K, 0% used [0x00000000ec400000,0x00000000ec400000,0x00000000ec800000)
 ParOldGen       total 68608K, used 0K [0x00000000c0000000, 0x00000000c4300000, 0x00000000eab00000)
  object space 68608K, 0% used [0x00000000c0000000,0x00000000c0000000,0x00000000c4300000)
 Metaspace       used 4843K, committed 4992K, reserved 1114112K
  class space    used 461K, committed 576K, reserved 1048576K
}
Event: 1.590 GC heap after
{Heap after GC invocations=1 (full 0):
 PSYoungGen      total 29696K, used 3156K [0x00000000eab00000, 0x00000000ecc00000, 0x0000000100000000)
  eden space 25600K, 0% used [0x00000000eab00000,0x00000000eab00000,0x00000000ec400000)
  from space 4096K, 77% used [0x00000000ec400000,0x00000000ec715278,0x00000000ec800000)
  to   space 4096K, 0% used [0x00000000ec800000,0x00000000ec800000,0x00000000ecc00000)
 ParOldGen       total 68608K, used 8K [0x00000000c0000000, 0x00000000c4300000, 0x00000000eab00000)
  object space 68608K, 0% used [0x00000000c0000000,0x00000000c0002000,0x00000000c4300000)
 Metaspace       used 4843K, committed 4992K, reserved 1114112K
  class space    used 461K, committed 576K, reserved 1048576K
}
Event: 2.410 GC heap before
{Heap before GC invocations=2 (full 0):
 PSYoungGen      total 29696K, used 28756K [0x00000000eab00000, 0x00000000ecc00000, 0x0000000100000000)
  eden space 25600K, 100% used [0x00000000eab00000,0x00000000ec400000,0x00000000ec400000)
  from space 4096K, 77% used [0x00000000ec400000,0x00000000ec715278,0x00000000ec800000)
  to   space 4096K, 0% used [0x00000000ec800000,0x00000000ec800000,0x00000000ecc00000)
 ParOldGen       total 68608K, used 8K [0x00000000c0000000, 0x00000000c4300000, 0x00000000eab00000)
  object space 68608K, 0% used [0x00000000c0000000,0x00000000c0002000,0x00000000c4300000)
 Metaspace       used 8497K, committed 8768K, reserved 1114112K
  class space    used 828K, committed 960K, reserved 1048576K
}
Event: 2.415 GC heap after
{Heap after GC invocations=2 (full 0):
 PSYoungGen      total 29696K, used 4089K [0x00000000eab00000, 0x00000000ecc00000, 0x0000000100000000)
  eden space 25600K, 0% used [0x00000000eab00000,0x00000000eab00000,0x00000000ec400000)
  from space 4096K, 99% used [0x00000000ec800000,0x00000000ecbfe778,0x00000000ecc00000)
  to   space 4096K, 0% used [0x00000000ec400000,0x00000000ec400000,0x00000000ec800000)
 ParOldGen       total 68608K, used 738K [0x00000000c0000000, 0x00000000c4300000, 0x00000000eab00000)
  object space 68608K, 1% used [0x00000000c0000000,0x00000000c00b8b60,0x00000000c4300000)
 Metaspace       used 8497K, committed 8768K, reserved 1114112K
  class space    used 828K, committed 960K, reserved 1048576K
}
Event: 3.037 GC heap before
{Heap before GC invocations=3 (full 0):
 PSYoungGen      total 29696K, used 29689K [0x00000000eab00000, 0x00000000ecc00000, 0x0000000100000000)
  eden space 25600K, 100% used [0x00000000eab00000,0x00000000ec400000,0x00000000ec400000)
  from space 4096K, 99% used [0x00000000ec800000,0x00000000ecbfe778,0x00000000ecc00000)
  to   space 4096K, 0% used [0x00000000ec400000,0x00000000ec400000,0x00000000ec800000)
 ParOldGen       total 68608K, used 738K [0x00000000c0000000, 0x00000000c4300000, 0x00000000eab00000)
  object space 68608K, 1% used [0x00000000c0000000,0x00000000c00b8b60,0x00000000c4300000)
 Metaspace       used 13124K, committed 13504K, reserved 1114112K
  class space    used 1304K, committed 1472K, reserved 1048576K
}
Event: 3.042 GC heap after
{Heap after GC invocations=3 (full 0):
 PSYoungGen      total 29696K, used 4089K [0x00000000eab00000, 0x00000000ecc00000, 0x0000000100000000)
  eden space 25600K, 0% used [0x00000000eab00000,0x00000000eab00000,0x00000000ec400000)
  from space 4096K, 99% used [0x00000000ec400000,0x00000000ec7fe788,0x00000000ec800000)
  to   space 4096K, 0% used [0x00000000ec800000,0x00000000ec800000,0x00000000ecc00000)
 ParOldGen       total 68608K, used 2394K [0x00000000c0000000, 0x00000000c4300000, 0x00000000eab00000)
  object space 68608K, 3% used [0x00000000c0000000,0x00000000c0256bb0,0x00000000c4300000)
 Metaspace       used 13124K, committed 13504K, reserved 1114112K
  class space    used 1304K, committed 1472K, reserved 1048576K
}
Event: 3.527 GC heap before
{Heap before GC invocations=4 (full 0):
 PSYoungGen      total 29696K, used 29592K [0x00000000eab00000, 0x00000000ecc00000, 0x0000000100000000)
  eden space 25600K, 99% used [0x00000000eab00000,0x00000000ec3e7880,0x00000000ec400000)
  from space 4096K, 99% used [0x00000000ec400000,0x00000000ec7fe788,0x00000000ec800000)
  to   space 4096K, 0% used [0x00000000ec800000,0x00000000ec800000,0x00000000ecc00000)
 ParOldGen       total 68608K, used 2394K [0x00000000c0000000, 0x00000000c4300000, 0x00000000eab00000)
  object space 68608K, 3% used [0x00000000c0000000,0x00000000c0256bb0,0x00000000c4300000)
 Metaspace       used 15864K, committed 16320K, reserved 1114112K
  class space    used 1566K, committed 1792K, reserved 1048576K
}
Event: 3.532 GC heap after
{Heap after GC invocations=4 (full 0):
 PSYoungGen      total 29696K, used 4083K [0x00000000eab00000, 0x00000000ecc00000, 0x0000000100000000)
  eden space 25600K, 0% used [0x00000000eab00000,0x00000000eab00000,0x00000000ec400000)
  from space 4096K, 99% used [0x00000000ec800000,0x00000000ecbfced8,0x00000000ecc00000)
  to   space 4096K, 0% used [0x00000000ec400000,0x00000000ec400000,0x00000000ec800000)
 ParOldGen       total 68608K, used 5230K [0x00000000c0000000, 0x00000000c4300000, 0x00000000eab00000)
  object space 68608K, 7% used [0x00000000c0000000,0x00000000c051b9c0,0x00000000c4300000)
 Metaspace       used 15864K, committed 16320K, reserved 1114112K
  class space    used 1566K, committed 1792K, reserved 1048576K
}
Event: 3.887 GC heap before
{Heap before GC invocations=5 (full 0):
 PSYoungGen      total 29696K, used 29533K [0x00000000eab00000, 0x00000000ecc00000, 0x0000000100000000)
  eden space 25600K, 99% used [0x00000000eab00000,0x00000000ec3da750,0x00000000ec400000)
  from space 4096K, 99% used [0x00000000ec800000,0x00000000ecbfced8,0x00000000ecc00000)
  to   space 4096K, 0% used [0x00000000ec400000,0x00000000ec400000,0x00000000ec800000)
 ParOldGen       total 68608K, used 5230K [0x00000000c0000000, 0x00000000c4300000, 0x00000000eab00000)
  object space 68608K, 7% used [0x00000000c0000000,0x00000000c051b9c0,0x00000000c4300000)
 Metaspace       used 19975K, committed 20480K, reserved 1114112K
  class space    used 1874K, committed 2112K, reserved 1048576K
}
Event: 3.891 GC heap after
{Heap after GC invocations=5 (full 0):
 PSYoungGen      total 29184K, used 4030K [0x00000000eab00000, 0x00000000ecd80000, 0x0000000100000000)
  eden space 25088K, 0% used [0x00000000eab00000,0x00000000eab00000,0x00000000ec380000)
  from space 4096K, 98% used [0x00000000ec400000,0x00000000ec7ef8e8,0x00000000ec800000)
  to   space 5120K, 0% used [0x00000000ec880000,0x00000000ec880000,0x00000000ecd80000)
 ParOldGen       total 68608K, used 6347K [0x00000000c0000000, 0x00000000c4300000, 0x00000000eab00000)
  object space 68608K, 9% used [0x00000000c0000000,0x00000000c0632cb8,0x00000000c4300000)
 Metaspace       used 19975K, committed 20480K, reserved 1114112K
  class space    used 1874K, committed 2112K, reserved 1048576K
}

Deoptimization events (20 events):
Event: 3.443 Thread 0x000002cd736bb730 Uncommon trap: trap_request=0xffffffde fr.pc=0x000002cd62a42548 relative=0x0000000000000128
Event: 3.443 Thread 0x000002cd736bb730 Uncommon trap: reason=class_check action=maybe_recompile pc=0x000002cd62a42548 method=jdk.internal.misc.Unsafe.allocateUninitializedArray(Ljava/lang/Class;I)Ljava/lang/Object; @ 51 c2
Event: 3.443 Thread 0x000002cd736bb730 DEOPT PACKING pc=0x000002cd62a42548 sp=0x000000e362df5220
Event: 3.443 Thread 0x000002cd736bb730 DEOPT UNPACKING pc=0x000002cd624020a3 sp=0x000000e362df51a8 mode 2
Event: 3.445 Thread 0x000002cd736bb730 Uncommon trap: trap_request=0xffffffde fr.pc=0x000002cd62a42548 relative=0x0000000000000128
Event: 3.445 Thread 0x000002cd736bb730 Uncommon trap: reason=class_check action=maybe_recompile pc=0x000002cd62a42548 method=jdk.internal.misc.Unsafe.allocateUninitializedArray(Ljava/lang/Class;I)Ljava/lang/Object; @ 51 c2
Event: 3.445 Thread 0x000002cd736bb730 DEOPT PACKING pc=0x000002cd62a42548 sp=0x000000e362df34b0
Event: 3.445 Thread 0x000002cd736bb730 DEOPT UNPACKING pc=0x000002cd624020a3 sp=0x000000e362df3438 mode 2
Event: 3.455 Thread 0x000002cd736bb730 Uncommon trap: trap_request=0xffffff45 fr.pc=0x000002cd62a41704 relative=0x0000000000000844
Event: 3.455 Thread 0x000002cd736bb730 Uncommon trap: reason=unstable_if action=reinterpret pc=0x000002cd62a41704 method=org.lombokweb.asm.ClassReader.readUTF8(I[C)Ljava/lang/String; @ 11 c2
Event: 3.455 Thread 0x000002cd736bb730 DEOPT PACKING pc=0x000002cd62a41704 sp=0x000000e362defaf0
Event: 3.455 Thread 0x000002cd736bb730 DEOPT UNPACKING pc=0x000002cd624020a3 sp=0x000000e362defae8 mode 2
Event: 3.781 Thread 0x000002cd736bb730 Uncommon trap: trap_request=0xffffff45 fr.pc=0x000002cd62a4953c relative=0x000000000000013c
Event: 3.781 Thread 0x000002cd736bb730 Uncommon trap: reason=unstable_if action=reinterpret pc=0x000002cd62a4953c method=org.lombokweb.asm.ByteVector.putByteArray([BII)Lorg/lombokweb/asm/ByteVector; @ 20 c2
Event: 3.781 Thread 0x000002cd736bb730 DEOPT PACKING pc=0x000002cd62a4953c sp=0x000000e362df2c40
Event: 3.781 Thread 0x000002cd736bb730 DEOPT UNPACKING pc=0x000002cd624020a3 sp=0x000000e362df2c10 mode 2
Event: 3.781 Thread 0x000002cd736bb730 Uncommon trap: trap_request=0xffffff45 fr.pc=0x000002cd62a49b74 relative=0x0000000000000354
Event: 3.781 Thread 0x000002cd736bb730 Uncommon trap: reason=unstable_if action=reinterpret pc=0x000002cd62a49b74 method=org.lombokweb.asm.Label.resolve([BLorg/lombokweb/asm/ByteVector;I)Z @ 81 c2
Event: 3.781 Thread 0x000002cd736bb730 DEOPT PACKING pc=0x000002cd62a49b74 sp=0x000000e362df2cc0
Event: 3.781 Thread 0x000002cd736bb730 DEOPT UNPACKING pc=0x000002cd624020a3 sp=0x000000e362df2bc8 mode 2

Classes unloaded (0 events):
No events

Classes redefined (0 events):
No events

Internal exceptions (20 events):
Event: 2.928 Thread 0x000002cd736bb730 Exception <a 'java/lang/NoSuchMethodError'{0x00000000ec089510}: 'java.lang.Object java.lang.invoke.DelegatingMethodHandle$Holder.reinvoke_L(java.lang.Object, java.lang.Object, java.lang.Object, java.lang.Object, int, int)'> (0x00000000ec089510) 
thrown [s\open\src\hotspot\share\interpreter\linkResolver.cpp, line 759]
Event: 2.930 Thread 0x000002cd736bb730 Exception <a 'java/lang/NoSuchMethodError'{0x00000000ec09dae0}: 'java.lang.Object java.lang.invoke.Invokers$Holder.invokeExact_MT(java.lang.Object, java.lang.Object, java.lang.Object, java.lang.Object)'> (0x00000000ec09dae0) 
thrown [s\open\src\hotspot\share\interpreter\linkResolver.cpp, line 759]
Event: 3.014 Thread 0x000002cd736bb730 Exception <a 'java/io/FileNotFoundException'{0x00000000ec32c638}> (0x00000000ec32c638) 
thrown [s\open\src\hotspot\share\prims\jni.cpp, line 516]
Event: 3.015 Thread 0x000002cd736bb730 Exception <a 'java/io/FileNotFoundException'{0x00000000ec333c20}> (0x00000000ec333c20) 
thrown [s\open\src\hotspot\share\prims\jni.cpp, line 516]
Event: 3.089 Thread 0x000002cd736bb730 Exception <a 'java/lang/NoSuchMethodError'{0x00000000ead40d80}: 'java.lang.Object java.lang.invoke.DirectMethodHandle$Holder.newInvokeSpecial(java.lang.Object, java.lang.Object, java.lang.Object, java.lang.Object, java.lang.Object)'> (0x00000000ead40d80) 
thrown [s\open\src\hotspot\share\interpreter\linkResolver.cpp, line 759]
Event: 3.125 Thread 0x000002cd736bb730 Exception <a 'java/lang/NoSuchMethodError'{0x00000000eae79898}: 'java.lang.Object java.lang.invoke.DirectMethodHandle$Holder.invokeStaticInit(java.lang.Object, int)'> (0x00000000eae79898) 
thrown [s\open\src\hotspot\share\interpreter\linkResolver.cpp, line 759]
Event: 3.191 Thread 0x000002cd736bb730 Exception <a 'java/lang/NoSuchMethodError'{0x00000000eb0a3600}: 'java.lang.Object java.lang.invoke.DirectMethodHandle$Holder.invokeSpecial(java.lang.Object, java.lang.Object, java.lang.Object, long, java.lang.Object)'> (0x00000000eb0a3600) 
thrown [s\open\src\hotspot\share\interpreter\linkResolver.cpp, line 759]
Event: 3.192 Thread 0x000002cd736bb730 Exception <a 'java/lang/NoSuchMethodError'{0x00000000eb0ab7b8}: 'java.lang.Object java.lang.invoke.DirectMethodHandle$Holder.newInvokeSpecial(java.lang.Object, java.lang.Object, java.lang.Object, long)'> (0x00000000eb0ab7b8) 
thrown [s\open\src\hotspot\share\interpreter\linkResolver.cpp, line 759]
Event: 3.192 Thread 0x000002cd736bb730 Exception <a 'java/lang/NoSuchMethodError'{0x00000000eb0b0380}: 'java.lang.Object java.lang.invoke.DirectMethodHandle$Holder.invokeSpecial(java.lang.Object, java.lang.Object, java.lang.Object, java.lang.Object, long)'> (0x00000000eb0b0380) 
thrown [s\open\src\hotspot\share\interpreter\linkResolver.cpp, line 759]
Event: 3.192 Thread 0x000002cd736bb730 Exception <a 'java/lang/NoSuchMethodError'{0x00000000eb0b41f8}: 'java.lang.Object java.lang.invoke.Invokers$Holder.linkToTargetMethod(java.lang.Object, java.lang.Object, long, java.lang.Object)'> (0x00000000eb0b41f8) 
thrown [s\open\src\hotspot\share\interpreter\linkResolver.cpp, line 759]
Event: 3.205 Thread 0x000002cd736bb730 Exception <a 'java/lang/NoSuchMethodError'{0x00000000eb135a48}: 'int java.lang.invoke.DirectMethodHandle$Holder.invokeStaticInit(java.lang.Object, java.lang.Object, java.lang.Object)'> (0x00000000eb135a48) 
thrown [s\open\src\hotspot\share\interpreter\linkResolver.cpp, line 759]
Event: 3.247 Thread 0x000002cd736bb730 Exception <a 'java/lang/IncompatibleClassChangeError'{0x00000000eb34d368}: Found class java.lang.Object, but interface was expected> (0x00000000eb34d368) 
thrown [s\open\src\hotspot\share\interpreter\linkResolver.cpp, line 826]
Event: 3.268 Thread 0x000002cd736bb730 Exception <a 'java/lang/NoSuchMethodError'{0x00000000eb374158}: 'java.lang.Object java.lang.invoke.DirectMethodHandle$Holder.invokeSpecial(java.lang.Object, java.lang.Object, java.lang.Object, int, java.lang.Object, java.lang.Object)'> (0x00000000eb374158) 
thrown [s\open\src\hotspot\share\interpreter\linkResolver.cpp, line 759]
Event: 3.269 Thread 0x000002cd736bb730 Exception <a 'java/lang/NoSuchMethodError'{0x00000000eb37c8e0}: 'java.lang.Object java.lang.invoke.DirectMethodHandle$Holder.newInvokeSpecial(java.lang.Object, java.lang.Object, java.lang.Object, int, java.lang.Object)'> (0x00000000eb37c8e0) 
thrown [s\open\src\hotspot\share\interpreter\linkResolver.cpp, line 759]
Event: 3.269 Thread 0x000002cd736bb730 Exception <a 'java/lang/NoSuchMethodError'{0x00000000eb380d38}: 'java.lang.Object java.lang.invoke.DirectMethodHandle$Holder.invokeSpecial(java.lang.Object, java.lang.Object, java.lang.Object, java.lang.Object, int, java.lang.Object)'> (0x00000000eb380d38) 
thrown [s\open\src\hotspot\share\interpreter\linkResolver.cpp, line 759]
Event: 3.270 Thread 0x000002cd736bb730 Exception <a 'java/lang/NoSuchMethodError'{0x00000000eb384ac8}: 'java.lang.Object java.lang.invoke.Invokers$Holder.linkToTargetMethod(java.lang.Object, java.lang.Object, int, java.lang.Object, java.lang.Object)'> (0x00000000eb384ac8) 
thrown [s\open\src\hotspot\share\interpreter\linkResolver.cpp, line 759]
Event: 3.271 Thread 0x000002cd739584a0 Exception <a 'java/lang/NoSuchMethodError'{0x00000000eb0f8348}: 'java.lang.Object java.lang.invoke.DirectMethodHandle$Holder.invokeSpecial(java.lang.Object, java.lang.Object, int, java.lang.Object, java.lang.Object)'> (0x00000000eb0f8348) 
thrown [s\open\src\hotspot\share\interpreter\linkResolver.cpp, line 759]
Event: 3.271 Thread 0x000002cd739584a0 Exception <a 'java/lang/NoSuchMethodError'{0x00000000eb0ffa18}: 'java.lang.Object java.lang.invoke.DirectMethodHandle$Holder.newInvokeSpecial(java.lang.Object, java.lang.Object, int, java.lang.Object)'> (0x00000000eb0ffa18) 
thrown [s\open\src\hotspot\share\interpreter\linkResolver.cpp, line 759]
Event: 3.272 Thread 0x000002cd739584a0 Exception <a 'java/lang/NoSuchMethodError'{0x00000000eb103528}: 'java.lang.Object java.lang.invoke.DirectMethodHandle$Holder.invokeSpecial(java.lang.Object, java.lang.Object, java.lang.Object, int, java.lang.Object)'> (0x00000000eb103528) 
thrown [s\open\src\hotspot\share\interpreter\linkResolver.cpp, line 759]
Event: 3.781 Thread 0x000002cd736bb730 Implicit null exception at 0x000002cd62a49449 to 0x000002cd62a4951c

VM Operations (20 events):
Event: 2.373 Executing VM operation: HandshakeAllThreads
Event: 2.373 Executing VM operation: HandshakeAllThreads done
Event: 2.410 Executing VM operation: ParallelGCFailedAllocation
Event: 2.417 Executing VM operation: ParallelGCFailedAllocation done
Event: 2.762 Executing VM operation: HandshakeAllThreads
Event: 2.762 Executing VM operation: HandshakeAllThreads done
Event: 2.913 Executing VM operation: HandshakeAllThreads
Event: 2.913 Executing VM operation: HandshakeAllThreads done
Event: 3.037 Executing VM operation: ParallelGCFailedAllocation
Event: 3.042 Executing VM operation: ParallelGCFailedAllocation done
Event: 3.212 Executing VM operation: HandshakeAllThreads
Event: 3.212 Executing VM operation: HandshakeAllThreads done
Event: 3.225 Executing VM operation: HandshakeAllThreads
Event: 3.225 Executing VM operation: HandshakeAllThreads done
Event: 3.290 Executing VM operation: HandshakeAllThreads
Event: 3.290 Executing VM operation: HandshakeAllThreads done
Event: 3.527 Executing VM operation: ParallelGCFailedAllocation
Event: 3.532 Executing VM operation: ParallelGCFailedAllocation done
Event: 3.887 Executing VM operation: ParallelGCFailedAllocation
Event: 3.891 Executing VM operation: ParallelGCFailedAllocation done

Events (20 events):
Event: 3.386 loading class java/io/StringReader done
Event: 3.395 loading class java/net/SocketTimeoutException
Event: 3.396 loading class java/io/InterruptedIOException
Event: 3.396 loading class java/io/InterruptedIOException done
Event: 3.396 loading class java/net/SocketTimeoutException done
Event: 3.396 loading class java/net/SocketException
Event: 3.396 loading class java/net/SocketException done
Event: 3.396 loading class java/net/UnknownHostException
Event: 3.396 loading class java/net/UnknownHostException done
Event: 3.396 loading class java/net/ProtocolException
Event: 3.396 loading class java/net/ProtocolException done
Event: 3.423 Thread 0x000002cd73955c20 Thread added: 0x000002cd73955c20
Event: 3.427 loading class java/lang/ThreadLocal$SuppliedThreadLocal
Event: 3.427 loading class java/lang/ThreadLocal$SuppliedThreadLocal done
Event: 3.441 loading class java/io/FileWriter
Event: 3.442 loading class java/io/FileWriter done
Event: 3.442 loading class java/lang/NegativeArraySizeException
Event: 3.442 loading class java/lang/NegativeArraySizeException done
Event: 3.953 loading class org/w3c/dom/DOMException
Event: 3.953 loading class org/w3c/dom/DOMException done


Dynamic libraries:
0x00007ff70a9f0000 - 0x00007ff70aa00000 	C:\Program Files\Java\jdk-17\bin\java.exe
0x00007fffbb3f0000 - 0x00007fffbb607000 	C:\WINDOWS\SYSTEM32\ntdll.dll
0x00007fffba6b0000 - 0x00007fffba774000 	C:\WINDOWS\System32\KERNEL32.DLL
0x00007fffb8b90000 - 0x00007fffb8f3d000 	C:\WINDOWS\System32\KERNELBASE.dll
0x00007fffb8f40000 - 0x00007fffb9051000 	C:\WINDOWS\System32\ucrtbase.dll
0x00007fff87ac0000 - 0x00007fff87ad9000 	C:\Program Files\Java\jdk-17\bin\jli.dll
0x00007fffba970000 - 0x00007fffbaa22000 	C:\WINDOWS\System32\ADVAPI32.dll
0x00007fffbb2c0000 - 0x00007fffbb367000 	C:\WINDOWS\System32\msvcrt.dll
0x00007fff87920000 - 0x00007fff8793b000 	C:\Program Files\Java\jdk-17\bin\VCRUNTIME140.dll
0x00007fffba5f0000 - 0x00007fffba699000 	C:\WINDOWS\System32\sechost.dll
0x00007fffb9100000 - 0x00007fffb9128000 	C:\WINDOWS\System32\bcrypt.dll
0x00007fffb9990000 - 0x00007fffb9aa4000 	C:\WINDOWS\System32\RPCRT4.dll
0x00007fffbaca0000 - 0x00007fffbae4e000 	C:\WINDOWS\System32\USER32.dll
0x00007fffb89f0000 - 0x00007fffb8a16000 	C:\WINDOWS\System32\win32u.dll
0x00007fffba780000 - 0x00007fffba7a9000 	C:\WINDOWS\System32\GDI32.dll
0x00007fffa4dd0000 - 0x00007fffa5063000 	C:\WINDOWS\WinSxS\amd64_microsoft.windows.common-controls_6595b64144ccf1df_6.0.22621.3672_none_2713b9d173822955\COMCTL32.dll
0x00007fffb87a0000 - 0x00007fffb88b9000 	C:\WINDOWS\System32\gdi32full.dll
0x00007fffb9060000 - 0x00007fffb90fa000 	C:\WINDOWS\System32\msvcp_win.dll
0x00007fffaca20000 - 0x00007fffaca2a000 	C:\WINDOWS\SYSTEM32\VERSION.dll
0x00007fffba060000 - 0x00007fffba091000 	C:\WINDOWS\System32\IMM32.DLL
0x00007fff8b500000 - 0x00007fff8b50c000 	C:\Program Files\Java\jdk-17\bin\vcruntime140_1.dll
0x00007fff7bdc0000 - 0x00007fff7be4e000 	C:\Program Files\Java\jdk-17\bin\msvcp140.dll
0x00007fff5e350000 - 0x00007fff5ef2f000 	C:\Program Files\Java\jdk-17\bin\server\jvm.dll
0x00007fffbb3a0000 - 0x00007fffbb3a8000 	C:\WINDOWS\System32\PSAPI.DLL
0x00007fff990e0000 - 0x00007fff990e9000 	C:\WINDOWS\SYSTEM32\WSOCK32.dll
0x00007fffb9b60000 - 0x00007fffb9bd1000 	C:\WINDOWS\System32\WS2_32.dll
0x00007fffaf120000 - 0x00007fffaf154000 	C:\WINDOWS\SYSTEM32\WINMM.dll
0x00007fffb7840000 - 0x00007fffb7858000 	C:\WINDOWS\SYSTEM32\kernel.appcore.dll
0x00007fff87c70000 - 0x00007fff87c7a000 	C:\Program Files\Java\jdk-17\bin\jimage.dll
0x00007fffb6040000 - 0x00007fffb6272000 	C:\WINDOWS\SYSTEM32\DBGHELP.DLL
0x00007fffbaf30000 - 0x00007fffbb2b8000 	C:\WINDOWS\System32\combase.dll
0x00007fffba3b0000 - 0x00007fffba487000 	C:\WINDOWS\System32\OLEAUT32.dll
0x00007fffabe60000 - 0x00007fffabe92000 	C:\WINDOWS\SYSTEM32\dbgcore.DLL
0x00007fffb8720000 - 0x00007fffb879b000 	C:\WINDOWS\System32\bcryptPrimitives.dll
0x00007fff878a0000 - 0x00007fff878ae000 	C:\Program Files\Java\jdk-17\bin\instrument.dll
0x00007fff87010000 - 0x00007fff87035000 	C:\Program Files\Java\jdk-17\bin\java.dll
0x00007fff73fa0000 - 0x00007fff74077000 	C:\Program Files\Java\jdk-17\bin\jsvml.dll
0x00007fffb9130000 - 0x00007fffb998f000 	C:\WINDOWS\System32\SHELL32.dll
0x00007fffb6670000 - 0x00007fffb6f6c000 	C:\WINDOWS\SYSTEM32\windows.storage.dll
0x00007fffb6530000 - 0x00007fffb666f000 	C:\WINDOWS\SYSTEM32\wintypes.dll
0x00007fffbaaf0000 - 0x00007fffbabe4000 	C:\WINDOWS\System32\SHCORE.dll
0x00007fffbaed0000 - 0x00007fffbaf2e000 	C:\WINDOWS\System32\shlwapi.dll
0x00007fffb8650000 - 0x00007fffb8671000 	C:\WINDOWS\SYSTEM32\profapi.dll
0x00007fff87260000 - 0x00007fff87278000 	C:\Program Files\Java\jdk-17\bin\zip.dll
0x00007fff87900000 - 0x00007fff87919000 	C:\Program Files\Java\jdk-17\bin\net.dll
0x00007fffb0980000 - 0x00007fffb0ab6000 	C:\WINDOWS\SYSTEM32\WINHTTP.dll
0x00007fffb7cb0000 - 0x00007fffb7d19000 	C:\WINDOWS\system32\mswsock.dll
0x00007fff878b0000 - 0x00007fff878c6000 	C:\Program Files\Java\jdk-17\bin\nio.dll
0x00007fff87250000 - 0x00007fff87260000 	C:\Program Files\Java\jdk-17\bin\verify.dll
0x00007fff856a0000 - 0x00007fff856de000 	C:\Users\ramon\AppData\Roaming\Code\User\globalStorage\redhat.java\1.30.0\config_ss_win\org.eclipse.equinox.launcher\org.eclipse.equinox.launcher.win32.win32.x86_64_1.2.900.v20240213-1244\eclipse_11900.dll
0x00007fffba0a0000 - 0x00007fffba245000 	C:\WINDOWS\System32\ole32.dll

dbghelp: loaded successfully - version: 4.0.5 - missing functions: none
symbol engine: initialized successfully - sym options: 0x614 - pdb path: .;C:\Program Files\Java\jdk-17\bin;C:\WINDOWS\SYSTEM32;C:\WINDOWS\WinSxS\amd64_microsoft.windows.common-controls_6595b64144ccf1df_6.0.22621.3672_none_2713b9d173822955;C:\Program Files\Java\jdk-17\bin\server;C:\Users\ramon\AppData\Roaming\Code\User\globalStorage\redhat.java\1.30.0\config_ss_win\org.eclipse.equinox.launcher\org.eclipse.equinox.launcher.win32.win32.x86_64_1.2.900.v20240213-1244

VM Arguments:
jvm_args: --add-modules=ALL-SYSTEM --add-opens=java.base/java.util=ALL-UNNAMED --add-opens=java.base/java.lang=ALL-UNNAMED --add-opens=java.base/sun.nio.fs=ALL-UNNAMED -Declipse.application=org.eclipse.jdt.ls.core.id1 -Dosgi.bundles.defaultStartLevel=4 -Declipse.product=org.eclipse.jdt.ls.core.product -Djava.import.generatesMetadataFilesAtProjectRoot=false -DDetectVMInstallationsJob.disabled=true -Dfile.encoding=utf8 -XX:+UseParallelGC -XX:GCTimeRatio=4 -XX:AdaptiveSizePolicyWeight=90 -Dsun.zip.disableMemoryMapping=true -Xmx1G -Xms100m -Xlog:disable -javaagent:c:\Users\ramon\.vscode\extensions\redhat.java-1.30.0\lombok\lombok-1.18.32.jar 
java_command: c:\Users\ramon\.vscode\extensions\redhat.java-1.30.0\server\plugins\org.eclipse.equinox.launcher_1.6.800.v20240330-1250.jar -configuration c:\Users\ramon\AppData\Roaming\Code\User\globalStorage\redhat.java\1.30.0\config_ss_win -data c:\Users\ramon\AppData\Roaming\Code\User\workspaceStorage\bc5a9c895754f250162efedb4d80cfb3\redhat.java\ss_ws --pipe=\\.\pipe\lsp-840655a2be39bff5308991ec77aa93b3-sock
java_class_path (initial): c:\Users\ramon\.vscode\extensions\redhat.java-1.30.0\server\plugins\org.eclipse.equinox.launcher_1.6.800.v20240330-1250.jar
Launcher Type: SUN_STANDARD

[Global flags]
    uintx AdaptiveSizePolicyWeight                 = 90                                        {product} {command line}
     intx CICompilerCount                          = 4                                         {product} {ergonomic}
    uintx GCTimeRatio                              = 4                                         {product} {command line}
   size_t InitialHeapSize                          = 104857600                                 {product} {command line}
   size_t MaxHeapSize                              = 1073741824                                {product} {command line}
   size_t MaxNewSize                               = 357564416                                 {product} {ergonomic}
   size_t MinHeapDeltaBytes                        = 524288                                    {product} {ergonomic}
   size_t MinHeapSize                              = 104857600                                 {product} {command line}
   size_t NewSize                                  = 34603008                                  {product} {ergonomic}
    uintx NonNMethodCodeHeapSize                   = 5839372                                {pd product} {ergonomic}
    uintx NonProfiledCodeHeapSize                  = 122909434                              {pd product} {ergonomic}
   size_t OldSize                                  = 70254592                                  {product} {ergonomic}
    uintx ProfiledCodeHeapSize                     = 122909434                              {pd product} {ergonomic}
    uintx ReservedCodeCacheSize                    = 251658240                              {pd product} {ergonomic}
     bool SegmentedCodeCache                       = true                                      {product} {ergonomic}
   size_t SoftMaxHeapSize                          = 1073741824                             {manageable} {ergonomic}
     bool UseCompressedClassPointers               = true                           {product lp64_product} {ergonomic}
     bool UseCompressedOops                        = true                           {product lp64_product} {ergonomic}
     bool UseLargePagesIndividualAllocation        = false                                  {pd product} {ergonomic}
     bool UseParallelGC                            = true                                      {product} {command line}

Logging:
Log output configuration:
 #0: stdout all=off uptime,level,tags
 #1: stderr all=off uptime,level,tags

Environment Variables:
JAVA_HOME=C:\Program Files\Java\jdk-17
CLASSPATH=.;
PATH=C:\Program Files\Common Files\Oracle\Java\javapath;C:\Program Files (x86)\Common Files\Oracle\Java\javapath;C:\Program Files (x86)\Common Files\Intel\Shared Libraries\redist\intel64\compiler;C:\Python27\;C:\Python27\Scripts;C:\WINDOWS\system32;C:\WINDOWS;C:\WINDOWS\System32\Wbem;C:\WINDOWS\System32\WindowsPowerShell\v1.0\;C:\WINDOWS\System32\OpenSSH\;C:\ProgramData\chocolatey\bin;C:\Program Files (x86)\Yarn\bin\;C:\Program Files\Java\jdk1.8.0_211\bin;C:\Android\Sdk\platform-tools;C:\Android\Sdk\emulator;C:\Android\Sdk\tools;C:\Android\Sdk\tools\bin;C:\Program Files\Git\cmd;C:\Program Files\dotnet\;C:\Program Files\Java\jdk-17\bin;C:\Program Files (x86)\Google\Cloud SDK\google-cloud-sdk\bin;C:\Users\ramon\AppData\Roaming\nvm;C:\Program Files\nodejs;C:\Program Files\nodejs\;C:\Program Files\Java\jdk-17;C:\Users\ramon\AppData\Local\Microsoft\WindowsApps;C:\Users\ramon\AppData\Local\Yarn\bin;C:\Android\Sdk\emulator;C:\Android\Sdk\tools;C:\Android\Sdk\tools\bin;C:\Android\Sdk\platform-tools;C:\Users\ramon\AppData\Local\Programs\Microsoft VS Code\bin;C:\Users\ramon\AppData\Local\GitHubDesktop\bin;C:\Users\ramon\AppData\Roaming\nvm;C:\Program Files\nodejs;C:\Users\ramon\AppData\Roaming\npm;
USERNAME=guest
OS=Windows_NT
PROCESSOR_IDENTIFIER=Intel64 Family 6 Model 142 Stepping 11, GenuineIntel



---------------  S Y S T E M  ---------------

OS:
 Windows 11 , 64 bit Build 22621 (10.0.22621.3672)
OS uptime: 12 days 7:46 hours

CPU: total 8 (initial active 8) (4 cores per cpu, 2 threads per core) family 6 model 142 stepping 11 microcode 0xf0, cx8, cmov, fxsr, ht, mmx, 3dnowpref, sse, sse2, sse3, ssse3, sse4.1, sse4.2, popcnt, lzcnt, tsc, tscinvbit, avx, avx2, aes, erms, clmul, bmi1, bmi2, adx, fma, vzeroupper, clflush, clflushopt

Memory: 4k page, system-wide physical 16189M (1189M free)
TotalPageFile size 65341M (AvailPageFile size 4M)
current process WorkingSet (physical memory assigned to process): 135M, peak: 135M
current process commit charge ("private bytes"): 250M, peak: 251M

vm_info: Java HotSpot(TM) 64-Bit Server VM (17.0.10+11-LTS-240) for windows-amd64 JRE (17.0.10+11-LTS-240), built on Dec 19 2023 21:47:25 by "mach5one" with MS VC++ 17.1 (VS2022)

END.
